-------------------------------------------------------------------------------
Test set: com.monogo.demo.repository.CategoryRepositoryTest
-------------------------------------------------------------------------------
Tests run: 2, Failures: 0, Errors: 1, Skipped: 0, Time elapsed: 0.474 sec <<< FAILURE! - in com.monogo.demo.repository.CategoryRepositoryTest
shouldReturnAllCategories(com.monogo.demo.repository.CategoryRepositoryTest)  Time elapsed: 0.425 sec  <<< ERROR!
org.springframework.data.mongodb.UncategorizedMongoDbException: Query failed with error code 2 and error message 'unknown top level operator: $group' on server localhost:27017; nested exception is com.mongodb.MongoQueryException: Query failed with error code 2 and error message 'unknown top level operator: $group' on server localhost:27017
	at com.mongodb.operation.FindOperation$1.call(FindOperation.java:521)
	at com.mongodb.operation.FindOperation$1.call(FindOperation.java:510)
	at com.mongodb.operation.OperationHelper.withConnectionSource(OperationHelper.java:435)
	at com.mongodb.operation.OperationHelper.withConnection(OperationHelper.java:408)
	at com.mongodb.operation.FindOperation.execute(FindOperation.java:510)
	at com.mongodb.operation.FindOperation.execute(FindOperation.java:81)
	at com.mongodb.Mongo.execute(Mongo.java:836)
	at com.mongodb.Mongo$2.execute(Mongo.java:823)
	at com.mongodb.DBCursor.initializeCursor(DBCursor.java:870)
	at com.mongodb.DBCursor.hasNext(DBCursor.java:142)
	at org.springframework.data.mongodb.core.MongoTemplate.executeFindMultiInternal(MongoTemplate.java:1960)
	at org.springframework.data.mongodb.core.MongoTemplate.doFind(MongoTemplate.java:1780)
	at org.springframework.data.mongodb.core.MongoTemplate.doFind(MongoTemplate.java:1763)
	at org.springframework.data.mongodb.core.MongoTemplate.find(MongoTemplate.java:644)
	at org.springframework.data.mongodb.core.MongoTemplate.findOne(MongoTemplate.java:609)
	at org.springframework.data.mongodb.repository.query.MongoQueryExecution$SingleEntityExecution.execute(MongoQueryExecution.java:173)
	at org.springframework.data.mongodb.repository.query.MongoQueryExecution$ResultProcessingExecution.execute(MongoQueryExecution.java:411)
	at org.springframework.data.mongodb.repository.query.AbstractMongoQuery.execute(AbstractMongoQuery.java:94)
	at org.springframework.data.repository.core.support.RepositoryFactorySupport$QueryExecutorMethodInterceptor.doInvoke(RepositoryFactorySupport.java:492)
	at org.springframework.data.repository.core.support.RepositoryFactorySupport$QueryExecutorMethodInterceptor.invoke(RepositoryFactorySupport.java:475)
	at org.springframework.aop.framework.ReflectiveMethodInvocation.proceed(ReflectiveMethodInvocation.java:179)
	at org.springframework.data.projection.DefaultMethodInvokingMethodInterceptor.invoke(DefaultMethodInvokingMethodInterceptor.java:56)
	at org.springframework.aop.framework.ReflectiveMethodInvocation.proceed(ReflectiveMethodInvocation.java:179)
	at org.springframework.aop.interceptor.ExposeInvocationInterceptor.invoke(ExposeInvocationInterceptor.java:92)
	at org.springframework.aop.framework.ReflectiveMethodInvocation.proceed(ReflectiveMethodInvocation.java:179)
	at org.springframework.data.repository.core.support.SurroundingTransactionDetectorMethodInterceptor.invoke(SurroundingTransactionDetectorMethodInterceptor.java:57)
	at org.springframework.aop.framework.ReflectiveMethodInvocation.proceed(ReflectiveMethodInvocation.java:179)
	at org.springframework.aop.framework.JdkDynamicAopProxy.invoke(JdkDynamicAopProxy.java:213)
	at com.sun.proxy.$Proxy67.groupByName(Unknown Source)
	at sun.reflect.NativeMethodAccessorImpl.invoke0(Native Method)
	at sun.reflect.NativeMethodAccessorImpl.invoke(NativeMethodAccessorImpl.java:62)
	at sun.reflect.DelegatingMethodAccessorImpl.invoke(DelegatingMethodAccessorImpl.java:43)
	at java.lang.reflect.Method.invoke(Method.java:498)
	at org.springframework.aop.support.AopUtils.invokeJoinpointUsingReflection(AopUtils.java:333)
	at org.springframework.aop.framework.ReflectiveMethodInvocation.invokeJoinpoint(ReflectiveMethodInvocation.java:190)
	at org.springframework.aop.framework.ReflectiveMethodInvocation.proceed(ReflectiveMethodInvocation.java:157)
	at org.springframework.dao.support.PersistenceExceptionTranslationInterceptor.invoke(PersistenceExceptionTranslationInterceptor.java:136)
	at org.springframework.aop.framework.ReflectiveMethodInvocation.proceed(ReflectiveMethodInvocation.java:179)
	at org.springframework.aop.framework.JdkDynamicAopProxy.invoke(JdkDynamicAopProxy.java:213)
	at com.sun.proxy.$Proxy67.groupByName(Unknown Source)
	at com.monogo.demo.repository.CategoryRepositoryTest.shouldReturnAllCategories(CategoryRepositoryTest.java:42)

