<?xml version="1.0" encoding="UTF-8"?>
<testsuite name="com.monogo.demo.repository.CategoryRepositoryTest" time="0.46" tests="2" errors="1" skipped="0" failures="0">
  <properties>
[...]
</properties>
  <testcase name="shouldReturnAllCategories" classname="com.monogo.demo.repository.CategoryRepositoryTest" time="0.425">
    <error message="Query failed with error code 2 and error message &apos;unknown top level operator: $group&apos; on server localhost:27017; nested exception is com.mongodb.MongoQueryException: Query failed with error code 2 and error message &apos;unknown top level operator: $group&apos; on server localhost:27017" type="org.springframework.data.mongodb.UncategorizedMongoDbException">org.springframework.data.mongodb.UncategorizedMongoDbException: Query failed with error code 2 and error message 'unknown top level operator: $group' on server localhost:27017; nested exception is com.mongodb.MongoQueryException: Query failed with error code 2 and error message 'unknown top level operator: $group' on server localhost:27017
	at com.mongodb.operation.FindOperation$1.call(FindOperation.java:521)
	at com.mongodb.operation.FindOperation$1.call(FindOperation.java:510)
	at com.mongodb.operation.OperationHelper.withConnectionSource(OperationHelper.java:435)
	at com.mongodb.operation.OperationHelper.withConnection(OperationHelper.java:408)
	at com.mongodb.operation.FindOperation.execute(FindOperation.java:510)
	at com.mongodb.operation.FindOperation.execute(FindOperation.java:81)
	at com.mongodb.Mongo.execute(Mongo.java:836)
	at com.mongodb.Mongo$2.execute(Mongo.java:823)
	at com.mongodb.DBCursor.initializeCursor(DBCursor.java:870)
	at com.mongodb.DBCursor.hasNext(DBCursor.java:142)
	at org.springframework.data.mongodb.core.MongoTemplate.executeFindMultiInternal(MongoTemplate.java:1960)
	at org.springframework.data.mongodb.core.MongoTemplate.doFind(MongoTemplate.java:1780)
	at org.springframework.data.mongodb.core.MongoTemplate.doFind(MongoTemplate.java:1763)
	at org.springframework.data.mongodb.core.MongoTemplate.find(MongoTemplate.java:644)
	at org.springframework.data.mongodb.core.MongoTemplate.findOne(MongoTemplate.java:609)
	at org.springframework.data.mongodb.repository.query.MongoQueryExecution$SingleEntityExecution.execute(MongoQueryExecution.java:173)
	at org.springframework.data.mongodb.repository.query.MongoQueryExecution$ResultProcessingExecution.execute(MongoQueryExecution.java:411)
	at org.springframework.data.mongodb.repository.query.AbstractMongoQuery.execute(AbstractMongoQuery.java:94)
	at org.springframework.data.repository.core.support.RepositoryFactorySupport$QueryExecutorMethodInterceptor.doInvoke(RepositoryFactorySupport.java:492)
	at org.springframework.data.repository.core.support.RepositoryFactorySupport$QueryExecutorMethodInterceptor.invoke(RepositoryFactorySupport.java:475)
	at org.springframework.aop.framework.ReflectiveMethodInvocation.proceed(ReflectiveMethodInvocation.java:179)
	at org.springframework.data.projection.DefaultMethodInvokingMethodInterceptor.invoke(DefaultMethodInvokingMethodInterceptor.java:56)
	at org.springframework.aop.framework.ReflectiveMethodInvocation.proceed(ReflectiveMethodInvocation.java:179)
	at org.springframework.aop.interceptor.ExposeInvocationInterceptor.invoke(ExposeInvocationInterceptor.java:92)
	at org.springframework.aop.framework.ReflectiveMethodInvocation.proceed(ReflectiveMethodInvocation.java:179)
	at org.springframework.data.repository.core.support.SurroundingTransactionDetectorMethodInterceptor.invoke(SurroundingTransactionDetectorMethodInterceptor.java:57)
	at org.springframework.aop.framework.ReflectiveMethodInvocation.proceed(ReflectiveMethodInvocation.java:179)
	at org.springframework.aop.framework.JdkDynamicAopProxy.invoke(JdkDynamicAopProxy.java:213)
	at com.sun.proxy.$Proxy67.groupByName(Unknown Source)
	at sun.reflect.NativeMethodAccessorImpl.invoke0(Native Method)
	at sun.reflect.NativeMethodAccessorImpl.invoke(NativeMethodAccessorImpl.java:62)
	at sun.reflect.DelegatingMethodAccessorImpl.invoke(DelegatingMethodAccessorImpl.java:43)
	at java.lang.reflect.Method.invoke(Method.java:498)
	at org.springframework.aop.support.AopUtils.invokeJoinpointUsingReflection(AopUtils.java:333)
	at org.springframework.aop.framework.ReflectiveMethodInvocation.invokeJoinpoint(ReflectiveMethodInvocation.java:190)
	at org.springframework.aop.framework.ReflectiveMethodInvocation.proceed(ReflectiveMethodInvocation.java:157)
	at org.springframework.dao.support.PersistenceExceptionTranslationInterceptor.invoke(PersistenceExceptionTranslationInterceptor.java:136)
	at org.springframework.aop.framework.ReflectiveMethodInvocation.proceed(ReflectiveMethodInvocation.java:179)
	at org.springframework.aop.framework.JdkDynamicAopProxy.invoke(JdkDynamicAopProxy.java:213)
	at com.sun.proxy.$Proxy67.groupByName(Unknown Source)
	at com.monogo.demo.repository.CategoryRepositoryTest.shouldReturnAllCategories(CategoryRepositoryTest.java:42)
</error>
    <system-out><![CDATA[2019-10-17 10:33:07.581  INFO 13332 --- [           main] .b.t.c.SpringBootTestContextBootstrapper : Neither @ContextConfiguration nor @ContextHierarchy found for test class [com.monogo.demo.repository.CategoryRepositoryTest], using SpringBootContextLoader
2019-10-17 10:33:07.584  INFO 13332 --- [           main] o.s.t.c.support.AbstractContextLoader    : Could not detect default resource locations for test class [com.monogo.demo.repository.CategoryRepositoryTest]: no resource found for suffixes {-context.xml, Context.groovy}.
2019-10-17 10:33:07.591  INFO 13332 --- [           main] .b.t.c.SpringBootTestContextBootstrapper : Loaded default TestExecutionListener class names from location [META-INF/spring.factories]: [org.springframework.boot.test.mock.mockito.MockitoTestExecutionListener, org.springframework.boot.test.mock.mockito.ResetMocksTestExecutionListener, org.springframework.boot.test.autoconfigure.restdocs.RestDocsTestExecutionListener, org.springframework.boot.test.autoconfigure.web.client.MockRestServiceServerResetTestExecutionListener, org.springframework.boot.test.autoconfigure.web.servlet.MockMvcPrintOnlyOnFailureTestExecutionListener, org.springframework.boot.test.autoconfigure.web.servlet.WebDriverTestExecutionListener, org.springframework.test.context.web.ServletTestExecutionListener, org.springframework.test.context.support.DirtiesContextBeforeModesTestExecutionListener, org.springframework.test.context.support.DependencyInjectionTestExecutionListener, org.springframework.test.context.support.DirtiesContextTestExecutionListener, org.springframework.test.context.transaction.TransactionalTestExecutionListener, org.springframework.test.context.jdbc.SqlScriptsTestExecutionListener]
2019-10-17 10:33:07.594  INFO 13332 --- [           main] .b.t.c.SpringBootTestContextBootstrapper : Using TestExecutionListeners: [org.springframework.test.context.web.ServletTestExecutionListener@a5bbaec, org.springframework.test.context.support.DirtiesContextBeforeModesTestExecutionListener@6d60899e, org.springframework.boot.test.autoconfigure.SpringBootDependencyInjectionTestExecutionListener@65eb76cd, org.springframework.test.context.support.DirtiesContextTestExecutionListener@6415f61e, org.springframework.test.context.transaction.TransactionalTestExecutionListener@334ebcaa, org.springframework.test.context.jdbc.SqlScriptsTestExecutionListener@5a0bef24, org.springframework.boot.test.mock.mockito.MockitoTestExecutionListener@6468a7b6, org.springframework.boot.test.mock.mockito.ResetMocksTestExecutionListener@2f860823, org.springframework.boot.test.autoconfigure.restdocs.RestDocsTestExecutionListener@696b4a95, org.springframework.boot.test.autoconfigure.web.client.MockRestServiceServerResetTestExecutionListener@6c1cfa53, org.springframework.boot.test.autoconfigure.web.servlet.MockMvcPrintOnlyOnFailureTestExecutionListener@4d68b571, org.springframework.boot.test.autoconfigure.web.servlet.WebDriverTestExecutionListener@52b06bef]
]]></system-out>
  </testcase>
  <testcase name="shouldSaveTheCategory" classname="com.monogo.demo.repository.CategoryRepositoryTest" time="0.035"/>
</testsuite>